nohup: ignoring input
[[1;34mINFO[m] Scanning for projects...
[[1;34mINFO[m] 
[[1;34mINFO[m] [1m---------------< [0;36mcom.i2i.intern.cellenta:voltdb-gateway[0;1m >---------------[m
[[1;34mINFO[m] [1mBuilding VoltDB Gateway Service 1.0.0[m
[[1;34mINFO[m] [1m--------------------------------[ jar ]---------------------------------[m
[[1;34mINFO[m] 
[[1;34mINFO[m] [1m>>> [0;32mspring-boot-maven-plugin:2.7.14:run[m [1m(default-cli)[0;1m > [0;1mtest-compile[m @ [36mvoltdb-gateway[0;1m >>>[m
[[1;34mINFO[m] 
[[1;34mINFO[m] [1m--- [0;32mmaven-resources-plugin:3.2.0:resources[m [1m(default-resources)[m @ [36mvoltdb-gateway[0;1m ---[m
[[1;34mINFO[m] Using 'UTF-8' encoding to copy filtered resources.
[[1;34mINFO[m] Using 'UTF-8' encoding to copy filtered properties files.
[[1;34mINFO[m] Copying 1 resource
[[1;34mINFO[m] Copying 0 resource
[[1;34mINFO[m] 
[[1;34mINFO[m] [1m--- [0;32mmaven-compiler-plugin:3.10.1:compile[m [1m(default-compile)[m @ [36mvoltdb-gateway[0;1m ---[m
[[1;34mINFO[m] Nothing to compile - all classes are up to date
[[1;34mINFO[m] 
[[1;34mINFO[m] [1m--- [0;32mmaven-resources-plugin:3.2.0:testResources[m [1m(default-testResources)[m @ [36mvoltdb-gateway[0;1m ---[m
[[1;34mINFO[m] Using 'UTF-8' encoding to copy filtered resources.
[[1;34mINFO[m] Using 'UTF-8' encoding to copy filtered properties files.
[[1;34mINFO[m] skip non existing resourceDirectory /home/i2i_cellenta/projects/voltdb-gateway/src/test/resources
[[1;34mINFO[m] 
[[1;34mINFO[m] [1m--- [0;32mmaven-compiler-plugin:3.10.1:testCompile[m [1m(default-testCompile)[m @ [36mvoltdb-gateway[0;1m ---[m
[[1;34mINFO[m] Nothing to compile - all classes are up to date
[[1;34mINFO[m] 
[[1;34mINFO[m] [1m<<< [0;32mspring-boot-maven-plugin:2.7.14:run[m [1m(default-cli)[0;1m < [0;1mtest-compile[m @ [36mvoltdb-gateway[0;1m <<<[m
[[1;34mINFO[m] 
[[1;34mINFO[m] 
[[1;34mINFO[m] [1m--- [0;32mspring-boot-maven-plugin:2.7.14:run[m [1m(default-cli)[m @ [36mvoltdb-gateway[0;1m ---[m
[[1;34mINFO[m] Attaching agents: []

  .   ____          _            __ _ _
 /\\ / ___'_ __ _ _(_)_ __  __ _ \ \ \ \
( ( )\___ | '_ | '_| | '_ \/ _` | \ \ \ \
 \\/  ___)| |_)| | | | | || (_| |  ) ) ) )
  '  |____| .__|_| |_|_| |_\__, | / / / /
 =========|_|==============|___/=/_/_/_/
 :: Spring Boot ::               (v2.7.14)

2025-07-18 00:09:50 [main] INFO  com.i2i.intern.cellenta.App - Starting App using Java 1.8.0_392 on voltdb-vm with PID 460508 (/home/i2i_cellenta/projects/voltdb-gateway/target/classes started by i2i_cellenta in /home/i2i_cellenta/projects/voltdb-gateway)
2025-07-18 00:09:50 [main] INFO  com.i2i.intern.cellenta.App - No active profile set, falling back to 1 default profile: "default"
2025-07-18 00:09:55 [main] INFO  o.s.b.w.e.tomcat.TomcatWebServer - Tomcat initialized with port(s): 8081 (http)
2025-07-18 00:09:55 [main] INFO  o.a.catalina.core.StandardService - Starting service [Tomcat]
2025-07-18 00:09:55 [main] INFO  o.a.catalina.core.StandardEngine - Starting Servlet engine: [Apache Tomcat/9.0.78]
2025-07-18 00:09:55 [main] INFO  o.a.c.c.C.[Tomcat].[localhost].[/] - Initializing Spring embedded WebApplicationContext
2025-07-18 00:09:55 [main] INFO  o.s.b.w.s.c.ServletWebServerApplicationContext - Root WebApplicationContext: initialization completed in 5203 ms
2025-07-18 00:09:57 [main] INFO  o.s.b.w.e.tomcat.TomcatWebServer - Tomcat started on port(s): 8081 (http) with context path ''
2025-07-18 00:09:57 [main] INFO  com.i2i.intern.cellenta.App - Started App in 9.551 seconds (JVM running for 11.315)
2025-07-18 00:10:02 [http-nio-0.0.0.0-8081-exec-1] INFO  o.a.c.c.C.[Tomcat].[localhost].[/] - Initializing Spring DispatcherServlet 'dispatcherServlet'
2025-07-18 00:10:02 [http-nio-0.0.0.0-8081-exec-1] INFO  o.s.web.servlet.DispatcherServlet - Initializing Servlet 'dispatcherServlet'
2025-07-18 00:10:02 [http-nio-0.0.0.0-8081-exec-1] INFO  o.s.web.servlet.DispatcherServlet - Completed initialization in 1 ms
MSISDN -> 5368120437 (java.lang.Long)
PACKAGE_ID -> 4 (java.lang.Integer)
REMAINING_MINUTES -> 50 (java.lang.Integer)
REMAINING_SMS -> 30 (java.lang.Integer)
REMAINING_DATA -> 3000 (java.lang.Integer)
START_DATE -> 2025-07-17 15:50:09.072000 (org.voltdb.types.TimestampType)
END_DATE -> 2025-08-16 15:50:09.072000 (org.voltdb.types.TimestampType)
MSISDN -> 5368120437 (java.lang.Long)
PACKAGE_ID -> 4 (java.lang.Integer)
REMAINING_MINUTES -> 50 (java.lang.Integer)
REMAINING_SMS -> 30 (java.lang.Integer)
REMAINING_DATA -> 3000 (java.lang.Integer)
START_DATE -> 2025-07-17 15:50:09.072000 (org.voltdb.types.TimestampType)
END_DATE -> 2025-08-16 15:50:09.072000 (org.voltdb.types.TimestampType)
MSISDN -> 5079135268 (java.lang.Long)
PACKAGE_ID -> 3 (java.lang.Integer)
REMAINING_MINUTES -> 500 (java.lang.Integer)
REMAINING_SMS -> 250 (java.lang.Integer)
REMAINING_DATA -> 1000 (java.lang.Integer)
START_DATE -> 2025-07-17 15:50:19.307000 (org.voltdb.types.TimestampType)
END_DATE -> 2025-08-16 15:50:19.307000 (org.voltdb.types.TimestampType)
MSISDN -> 5079135268 (java.lang.Long)
PACKAGE_ID -> 3 (java.lang.Integer)
REMAINING_MINUTES -> 500 (java.lang.Integer)
REMAINING_SMS -> 250 (java.lang.Integer)
REMAINING_DATA -> 1000 (java.lang.Integer)
START_DATE -> 2025-07-17 15:50:19.307000 (org.voltdb.types.TimestampType)
END_DATE -> 2025-08-16 15:50:19.307000 (org.voltdb.types.TimestampType)
MSISDN -> 5079135268 (java.lang.Long)
PACKAGE_ID -> 3 (java.lang.Integer)
REMAINING_MINUTES -> 500 (java.lang.Integer)
REMAINING_SMS -> 250 (java.lang.Integer)
REMAINING_DATA -> 1000 (java.lang.Integer)
START_DATE -> 2025-07-17 15:50:19.307000 (org.voltdb.types.TimestampType)
END_DATE -> 2025-08-16 15:50:19.307000 (org.voltdb.types.TimestampType)
MSISDN -> 5079135268 (java.lang.Long)
PACKAGE_ID -> 3 (java.lang.Integer)
REMAINING_MINUTES -> 500 (java.lang.Integer)
REMAINING_SMS -> 250 (java.lang.Integer)
REMAINING_DATA -> 1000 (java.lang.Integer)
START_DATE -> 2025-07-17 15:50:19.307000 (org.voltdb.types.TimestampType)
END_DATE -> 2025-08-16 15:50:19.307000 (org.voltdb.types.TimestampType)
[[1;34mINFO[m] [1m------------------------------------------------------------------------[m
[[1;34mINFO[m] [1;31mBUILD FAILURE[m
[[1;34mINFO[m] [1m------------------------------------------------------------------------[m
[[1;34mINFO[m] Total time:  16:37 min
[[1;34mINFO[m] Finished at: 2025-07-18T00:26:11Z
[[1;34mINFO[m] [1m------------------------------------------------------------------------[m
[[1;31mERROR[m] Failed to execute goal [32morg.springframework.boot:spring-boot-maven-plugin:2.7.14:run[m [1m(default-cli)[m on project [36mvoltdb-gateway[m: [1;31mApplication finished with exit code: 137[m -> [1m[Help 1][m
[[1;31mERROR[m] 
[[1;31mERROR[m] To see the full stack trace of the errors, re-run Maven with the [1m-e[m switch.
[[1;31mERROR[m] Re-run Maven using the [1m-X[m switch to enable full debug logging.
[[1;31mERROR[m] 
[[1;31mERROR[m] For more information about the errors and possible solutions, please read the following articles:
[[1;31mERROR[m] [1m[Help 1][m http://cwiki.apache.org/confluence/display/MAVEN/MojoExecutionException
[0m[0m